gcc -Werror -Wall -o mkfs mkfs.c
gcc -fno-pic -static -fno-builtin -fno-strict-aliasing -O2 -Wall -MD -ggdb -m32 -Werror -fno-omit-frame-pointer -fno-stack-protector -fno-pie -no-pie   -c -o ulib.o ulib.c
gcc -m32 -gdwarf-2 -Wa,-divide   -c -o usys.o usys.S
gcc -fno-pic -static -fno-builtin -fno-strict-aliasing -O2 -Wall -MD -ggdb -m32 -Werror -fno-omit-frame-pointer -fno-stack-protector -fno-pie -no-pie   -c -o printf.o printf.c
gcc -fno-pic -static -fno-builtin -fno-strict-aliasing -O2 -Wall -MD -ggdb -m32 -Werror -fno-omit-frame-pointer -fno-stack-protector -fno-pie -no-pie   -c -o umalloc.o umalloc.c
gcc -fno-pic -static -fno-builtin -fno-strict-aliasing -O2 -Wall -MD -ggdb -m32 -Werror -fno-omit-frame-pointer -fno-stack-protector -fno-pie -no-pie   -c -o cat.o cat.c
ld -m    elf_i386 -N -e main -Ttext 0 -o _cat cat.o ulib.o usys.o printf.o umalloc.o
objdump -S _cat > cat.asm
objdump -t _cat | sed '1,/SYMBOL TABLE/d; s/ .* / /; /^$/d' > cat.sym
gcc -fno-pic -static -fno-builtin -fno-strict-aliasing -O2 -Wall -MD -ggdb -m32 -Werror -fno-omit-frame-pointer -fno-stack-protector -fno-pie -no-pie   -c -o echo.o echo.c
ld -m    elf_i386 -N -e main -Ttext 0 -o _echo echo.o ulib.o usys.o printf.o umalloc.o
objdump -S _echo > echo.asm
objdump -t _echo | sed '1,/SYMBOL TABLE/d; s/ .* / /; /^$/d' > echo.sym
gcc -fno-pic -static -fno-builtin -fno-strict-aliasing -O2 -Wall -MD -ggdb -m32 -Werror -fno-omit-frame-pointer -fno-stack-protector -fno-pie -no-pie   -c -o forktest.o forktest.c
# forktest has less library code linked in - needs to be small
# in order to be able to max out the proc table.
ld -m    elf_i386 -N -e main -Ttext 0 -o _forktest forktest.o ulib.o usys.o
objdump -S _forktest > forktest.asm
gcc -fno-pic -static -fno-builtin -fno-strict-aliasing -O2 -Wall -MD -ggdb -m32 -Werror -fno-omit-frame-pointer -fno-stack-protector -fno-pie -no-pie   -c -o grep.o grep.c
ld -m    elf_i386 -N -e main -Ttext 0 -o _grep grep.o ulib.o usys.o printf.o umalloc.o
objdump -S _grep > grep.asm
objdump -t _grep | sed '1,/SYMBOL TABLE/d; s/ .* / /; /^$/d' > grep.sym
gcc -fno-pic -static -fno-builtin -fno-strict-aliasing -O2 -Wall -MD -ggdb -m32 -Werror -fno-omit-frame-pointer -fno-stack-protector -fno-pie -no-pie   -c -o init.o init.c
ld -m    elf_i386 -N -e main -Ttext 0 -o _init init.o ulib.o usys.o printf.o umalloc.o
objdump -S _init > init.asm
objdump -t _init | sed '1,/SYMBOL TABLE/d; s/ .* / /; /^$/d' > init.sym
gcc -fno-pic -static -fno-builtin -fno-strict-aliasing -O2 -Wall -MD -ggdb -m32 -Werror -fno-omit-frame-pointer -fno-stack-protector -fno-pie -no-pie   -c -o kill.o kill.c
ld -m    elf_i386 -N -e main -Ttext 0 -o _kill kill.o ulib.o usys.o printf.o umalloc.o
objdump -S _kill > kill.asm
objdump -t _kill | sed '1,/SYMBOL TABLE/d; s/ .* / /; /^$/d' > kill.sym
gcc -fno-pic -static -fno-builtin -fno-strict-aliasing -O2 -Wall -MD -ggdb -m32 -Werror -fno-omit-frame-pointer -fno-stack-protector -fno-pie -no-pie   -c -o ln.o ln.c
ld -m    elf_i386 -N -e main -Ttext 0 -o _ln ln.o ulib.o usys.o printf.o umalloc.o
objdump -S _ln > ln.asm
objdump -t _ln | sed '1,/SYMBOL TABLE/d; s/ .* / /; /^$/d' > ln.sym
gcc -fno-pic -static -fno-builtin -fno-strict-aliasing -O2 -Wall -MD -ggdb -m32 -Werror -fno-omit-frame-pointer -fno-stack-protector -fno-pie -no-pie   -c -o ls.o ls.c
ld -m    elf_i386 -N -e main -Ttext 0 -o _ls ls.o ulib.o usys.o printf.o umalloc.o
objdump -S _ls > ls.asm
objdump -t _ls | sed '1,/SYMBOL TABLE/d; s/ .* / /; /^$/d' > ls.sym
gcc -fno-pic -static -fno-builtin -fno-strict-aliasing -O2 -Wall -MD -ggdb -m32 -Werror -fno-omit-frame-pointer -fno-stack-protector -fno-pie -no-pie   -c -o mkdir.o mkdir.c
ld -m    elf_i386 -N -e main -Ttext 0 -o _mkdir mkdir.o ulib.o usys.o printf.o umalloc.o
objdump -S _mkdir > mkdir.asm
objdump -t _mkdir | sed '1,/SYMBOL TABLE/d; s/ .* / /; /^$/d' > mkdir.sym
gcc -fno-pic -static -fno-builtin -fno-strict-aliasing -O2 -Wall -MD -ggdb -m32 -Werror -fno-omit-frame-pointer -fno-stack-protector -fno-pie -no-pie   -c -o rm.o rm.c
ld -m    elf_i386 -N -e main -Ttext 0 -o _rm rm.o ulib.o usys.o printf.o umalloc.o
objdump -S _rm > rm.asm
objdump -t _rm | sed '1,/SYMBOL TABLE/d; s/ .* / /; /^$/d' > rm.sym
gcc -fno-pic -static -fno-builtin -fno-strict-aliasing -O2 -Wall -MD -ggdb -m32 -Werror -fno-omit-frame-pointer -fno-stack-protector -fno-pie -no-pie   -c -o sh.o sh.c
ld -m    elf_i386 -N -e main -Ttext 0 -o _sh sh.o ulib.o usys.o printf.o umalloc.o
objdump -S _sh > sh.asm
objdump -t _sh | sed '1,/SYMBOL TABLE/d; s/ .* / /; /^$/d' > sh.sym
gcc -fno-pic -static -fno-builtin -fno-strict-aliasing -O2 -Wall -MD -ggdb -m32 -Werror -fno-omit-frame-pointer -fno-stack-protector -fno-pie -no-pie   -c -o stressfs.o stressfs.c
ld -m    elf_i386 -N -e main -Ttext 0 -o _stressfs stressfs.o ulib.o usys.o printf.o umalloc.o
objdump -S _stressfs > stressfs.asm
objdump -t _stressfs | sed '1,/SYMBOL TABLE/d; s/ .* / /; /^$/d' > stressfs.sym
gcc -fno-pic -static -fno-builtin -fno-strict-aliasing -O2 -Wall -MD -ggdb -m32 -Werror -fno-omit-frame-pointer -fno-stack-protector -fno-pie -no-pie   -c -o usertests.o usertests.c
ld -m    elf_i386 -N -e main -Ttext 0 -o _usertests usertests.o ulib.o usys.o printf.o umalloc.o
objdump -S _usertests > usertests.asm
objdump -t _usertests | sed '1,/SYMBOL TABLE/d; s/ .* / /; /^$/d' > usertests.sym
gcc -fno-pic -static -fno-builtin -fno-strict-aliasing -O2 -Wall -MD -ggdb -m32 -Werror -fno-omit-frame-pointer -fno-stack-protector -fno-pie -no-pie   -c -o wc.o wc.c
ld -m    elf_i386 -N -e main -Ttext 0 -o _wc wc.o ulib.o usys.o printf.o umalloc.o
objdump -S _wc > wc.asm
objdump -t _wc | sed '1,/SYMBOL TABLE/d; s/ .* / /; /^$/d' > wc.sym
gcc -fno-pic -static -fno-builtin -fno-strict-aliasing -O2 -Wall -MD -ggdb -m32 -Werror -fno-omit-frame-pointer -fno-stack-protector -fno-pie -no-pie   -c -o zombie.o zombie.c
ld -m    elf_i386 -N -e main -Ttext 0 -o _zombie zombie.o ulib.o usys.o printf.o umalloc.o
objdump -S _zombie > zombie.asm
objdump -t _zombie | sed '1,/SYMBOL TABLE/d; s/ .* / /; /^$/d' > zombie.sym
gcc -fno-pic -static -fno-builtin -fno-strict-aliasing -O2 -Wall -MD -ggdb -m32 -Werror -fno-omit-frame-pointer -fno-stack-protector -fno-pie -no-pie   -c -o add.o add.c
ld -m    elf_i386 -N -e main -Ttext 0 -o _add add.o ulib.o usys.o printf.o umalloc.o
objdump -S _add > add.asm
objdump -t _add | sed '1,/SYMBOL TABLE/d; s/ .* / /; /^$/d' > add.sym
gcc -fno-pic -static -fno-builtin -fno-strict-aliasing -O2 -Wall -MD -ggdb -m32 -Werror -fno-omit-frame-pointer -fno-stack-protector -fno-pie -no-pie   -c -o prog.o prog.c
ld -m    elf_i386 -N -e main -Ttext 0 -o _prog prog.o ulib.o usys.o printf.o umalloc.o
objdump -S _prog > prog.asm
objdump -t _prog | sed '1,/SYMBOL TABLE/d; s/ .* / /; /^$/d' > prog.sym
gcc -fno-pic -static -fno-builtin -fno-strict-aliasing -O2 -Wall -MD -ggdb -m32 -Werror -fno-omit-frame-pointer -fno-stack-protector -fno-pie -no-pie   -c -o sender.o sender.c
ld -m    elf_i386 -N -e main -Ttext 0 -o _sender sender.o ulib.o usys.o printf.o umalloc.o
objdump -S _sender > sender.asm
objdump -t _sender | sed '1,/SYMBOL TABLE/d; s/ .* / /; /^$/d' > sender.sym
gcc -fno-pic -static -fno-builtin -fno-strict-aliasing -O2 -Wall -MD -ggdb -m32 -Werror -fno-omit-frame-pointer -fno-stack-protector -fno-pie -no-pie   -c -o reciever.o reciever.c
ld -m    elf_i386 -N -e main -Ttext 0 -o _reciever reciever.o ulib.o usys.o printf.o umalloc.o
objdump -S _reciever > reciever.asm
objdump -t _reciever | sed '1,/SYMBOL TABLE/d; s/ .* / /; /^$/d' > reciever.sym
gcc -fno-pic -static -fno-builtin -fno-strict-aliasing -O2 -Wall -MD -ggdb -m32 -Werror -fno-omit-frame-pointer -fno-stack-protector -fno-pie -no-pie   -c -o print_count.o print_count.c
ld -m    elf_i386 -N -e main -Ttext 0 -o _print_count print_count.o ulib.o usys.o printf.o umalloc.o
objdump -S _print_count > print_count.asm
objdump -t _print_count | sed '1,/SYMBOL TABLE/d; s/ .* / /; /^$/d' > print_count.sym
gcc -fno-pic -static -fno-builtin -fno-strict-aliasing -O2 -Wall -MD -ggdb -m32 -Werror -fno-omit-frame-pointer -fno-stack-protector -fno-pie -no-pie   -c -o toggle.o toggle.c
ld -m    elf_i386 -N -e main -Ttext 0 -o _toggle toggle.o ulib.o usys.o printf.o umalloc.o
objdump -S _toggle > toggle.asm
objdump -t _toggle | sed '1,/SYMBOL TABLE/d; s/ .* / /; /^$/d' > toggle.sym
gcc -fno-pic -static -fno-builtin -fno-strict-aliasing -O2 -Wall -MD -ggdb -m32 -Werror -fno-omit-frame-pointer -fno-stack-protector -fno-pie -no-pie   -c -o sums.o sums.c
ld -m    elf_i386 -N -e main -Ttext 0 -o _sums sums.o ulib.o usys.o printf.o umalloc.o
objdump -S _sums > sums.asm
objdump -t _sums | sed '1,/SYMBOL TABLE/d; s/ .* / /; /^$/d' > sums.sym
./mkfs fs.img README _cat _echo _forktest _grep _init _kill _ln _ls _mkdir _rm _sh _stressfs _usertests _wc _zombie _add _prog _sender _reciever _print_count _toggle _sums 
nmeta 59 (boot, super, log blocks 30 inode blocks 26, bitmap blocks 1) blocks 941 total 1000
balloc: first 854 blocks have been allocated
balloc: write bitmap block at sector 58
qemu-system-i386 -serial mon:stdio -drive file=fs.img,index=1,media=disk,format=raw -drive file=xv6.img,index=0,media=disk,format=raw -smp 2 -m 512 
xv6...
cpu0: starting 0
sb: size 1000 nblocks 941 ninodes 200 nlog 30 logstart 2 inodestart 32 bmap start 58
init: starting sh
$ 